THERE_BE_DRAGONS_HERE
End of statement expected
16 March 2026 4:22:19.623432 pm

VM: Mac OS - arm64 - 1000 - CoInterpreter VMMaker-tonel.1 uuid: b0729fb3-2c00-0e00-950a-b80e06d86bc4 Nov 17 2025
StackToRegisterMappingCogit VMMaker-tonel.1 uuid: b0729fb3-2c00-0e00-950a-b80e06d86bc4 Nov 17 2025
v10.3.9+0.33e04bb60 - Commit: 33e04bb60 - Date: 2025-11-17 14:51:35 +0100

Image: Pharo13.1.0SNAPSHOT [Build information: Pharo-13.1.0+SNAPSHOT.build.730.sha.401c65574cf715413274d2e2b3bb89f7c90b2a8b (64 Bit)]

OCSyntaxErrorNotice(OCNotice)>>signalError
	Receiver: OCSyntaxErrorNotice(97:End of statement expected)
	Arguments and temporary variables: 
x
	Receiver's instance variables: 
		messageText: 	nil
		node: 	OCUnfinishedStatementErrorNode(port := Smalltalk platform environment[..]


OCMessageNode(OCProgramNode)>>checkFaulty:
	Receiver: OCMessageNode([
	| serverSocket port |
	port := Smalltalk platform environment at:
		 [..]
	Arguments and temporary variables: 
		aBlock: 	nil
		errorNotice: 	OCSyntaxErrorNotice(97:End of statement expected)
	Receiver's instance variables: 
		parent: 	OCSequenceNode([
	| serverSocket port |
	port := Smalltalk platform[..]
		properties: 	nil
		parentheses: 	nil
		receiver: 	OCBlockNode([
	| serverSocket port |
	port := Smalltalk platform [..]
		selector: 	OCSelectorNode(forkAt:)
		keywordsPositions: 	an IntegerArray(722)
		arguments: 	an OrderedCollection(OCMessageNode(Processor userBackgroundPrior[..]
		superOf: 	nil


OCParser class>>parseExpression:onError:
	Receiver: OCParser
	Arguments and temporary variables: 
		aString: 	'[| serverSocket port|

port := Smalltalk platform environment at:[..]
		aBlock: 	nil
	Receiver's instance variables: 
		superclass: 	Object
		methodDict: 	a MethodDictionary(#addCommentsTo:->OCParser>>#addCommentsTo: #[..]
		format: 	65542
		layout: 	a FixedLayout
		protocols: 	an Array(Protocol (private - parsing) - 45 selector(s) Protocol [..]
		subclasses: 	{OCPatternParser. RBParser. OCTargetCompilerParser}
		name: 	#OCParser
		classPool: 	nil
		sharedPools: 	an OrderedCollection()
		environment: 	a SystemEnvironment(lots of globals)
		commentSourcePointer: 	40125064
		packageTag: 	a PackageTag(Parser)


OCParser class>>parseExpression:
	Receiver: OCParser
	Arguments and temporary variables: 
		aString: 	'[| serverSocket port|

port := Smalltalk platform environment at:[..]
	Receiver's instance variables: 
		superclass: 	Object
		methodDict: 	a MethodDictionary(#addCommentsTo:->OCParser>>#addCommentsTo: #[..]
		format: 	65542
		layout: 	a FixedLayout
		protocols: 	an Array(Protocol (private - parsing) - 45 selector(s) Protocol [..]
		subclasses: 	{OCPatternParser. RBParser. OCTargetCompilerParser}
		name: 	#OCParser
		classPool: 	nil
		sharedPools: 	an OrderedCollection()
		environment: 	a SystemEnvironment(lots of globals)
		commentSourcePointer: 	40125064
		packageTag: 	a PackageTag(Parser)


DoItChunk>>importFor:logSource:
	Receiver: a DoItChunk([| serverSocket port|

port := Smalltalk platform environment at: 'PHARO_C[..]
	Arguments and temporary variables: 
		requestor: 	nil
		logSource: 	true
		ast: 	nil
	Receiver's instance variables: 
		contents: 	'[| serverSocket port|

port := Smalltalk platform environment at[..]


[ :declaration |
		value := declaration importFor: nil logSource: logSource  ] in CodeImporter>>evaluate
	Receiver: a CodeImporter
	Arguments and temporary variables: 
		value: 	nil
		declaration: 	a DoItChunk([| serverSocket port|

port := Smalltalk platform [..]
	Receiver's instance variables: 
		readStream: 	a ZnCharacterReadStream
		codeDeclarations: 	an OrderedCollection(a DoItChunk([| serverSocket port|

p[..]
		parserClass: 	ChunkFileFormatParser
		logSource: 	true


OrderedCollection>>do:
	Receiver: an OrderedCollection(a DoItChunk([| serverSocket port|

port := Smalltalk platform env[..]
	Arguments and temporary variables: 
		aBlock: 	[ :declaration |
		value := declaration importFor: nil logSource: l[..]
		index: 	1
	Receiver's instance variables: 
		array: 	an Array(a DoItChunk([| serverSocket port|

port := Smalltalk platfo[..]
		firstIndex: 	1
		lastIndex: 	1


CodeImporter>>evaluate
	Receiver: a CodeImporter
	Arguments and temporary variables: 
		value: 	nil
	Receiver's instance variables: 
		readStream: 	a ZnCharacterReadStream
		codeDeclarations: 	an OrderedCollection(a DoItChunk([| serverSocket port|

p[..]
		parserClass: 	ChunkFileFormatParser
		logSource: 	true


[ codeImporter evaluate ] in STCommandLineHandler>>installSourceFile:
	Receiver: a STCommandLineHandler
	Arguments and temporary variables: 
		aReference: 	a File
		codeImporter: 	a CodeImporter
	Receiver's instance variables: 
		commandLine: 	a CommandLineArguments
		session: 	a WorkingSession
		stdout: 	a VTermOutputDriver
		stderr: 	a VTermOutputDriver
		sourceFiles: 	an OrderedCollection(a File)


FullBlockClosure(BlockClosure)>>on:do:
	Receiver: [ codeImporter evaluate ]
	Arguments and temporary variables: 
		exception: 	Error
		handlerAction: 	[ :e | self handleError: e reference: aReference ]
	Receiver's instance variables: 
		outerContext: 	STCommandLineHandler>>installSourceFile:
		compiledBlock: 	a CompiledBlock: [ codeImporter evaluate ]
		numArgs: 	0
		receiver: 	a STCommandLineHandler


STCommandLineHandler>>handleErrorsDuring:reference:
	Receiver: a STCommandLineHandler
	Arguments and temporary variables: 
		aBlock: 	[ codeImporter evaluate ]
		aReference: 	a File
	Receiver's instance variables: 
		commandLine: 	a CommandLineArguments
		session: 	a WorkingSession
		stdout: 	a VTermOutputDriver
		stderr: 	a VTermOutputDriver
		sourceFiles: 	an OrderedCollection(a File)


STCommandLineHandler>>installSourceFile:
	Receiver: a STCommandLineHandler
	Arguments and temporary variables: 
		codeImporter: 	a CodeImporter
		aReference: 	a File
	Receiver's instance variables: 
		commandLine: 	a CommandLineArguments
		session: 	a WorkingSession
		stdout: 	a VTermOutputDriver
		stderr: 	a VTermOutputDriver
		sourceFiles: 	an OrderedCollection(a File)


[ :reference |
		self installSourceFile: reference ] in [ sourceFiles do: [ :reference |
		self installSourceFile: reference ]
	] in STCommandLineHandler>>installSourceFiles
	Receiver: a STCommandLineHandler
	Arguments and temporary variables: 
		reference: 	a File
	Receiver's instance variables: 
		commandLine: 	a CommandLineArguments
		session: 	a WorkingSession
		stdout: 	a VTermOutputDriver
		stderr: 	a VTermOutputDriver
		sourceFiles: 	an OrderedCollection(a File)


OrderedCollection>>do:
	Receiver: an OrderedCollection(a File)
	Arguments and temporary variables: 
		aBlock: 	[ :reference |
		self installSourceFile: reference ]
		index: 	1
	Receiver's instance variables: 
		array: 	an Array(a File)
		firstIndex: 	1
		lastIndex: 	1


[ sourceFiles do: [ :reference |
		self installSourceFile: reference ]
	] in STCommandLineHandler>>installSourceFiles
	Receiver: a STCommandLineHandler
	Arguments and temporary variables: 
x
	Receiver's instance variables: 
		commandLine: 	a CommandLineArguments
		session: 	a WorkingSession
		stdout: 	a VTermOutputDriver
		stderr: 	a VTermOutputDriver
		sourceFiles: 	an OrderedCollection(a File)


FullBlockClosure(BlockClosure)>>ensure:
	Receiver: [ sourceFiles do: [ :reference |
		self installSourceFile: reference ]
	]
	Arguments and temporary variables: 
		aBlock: 	[ sourceFiles := nil ]
		handler: 	[ sourceFiles := nil ]
		complete: 	nil
		returnValue: 	nil
	Receiver's instance variables: 
		outerContext: 	STCommandLineHandler>>installSourceFiles
		compiledBlock: 	a CompiledBlock: [ sourceFiles do: [ :reference |
		self ins[..]
		numArgs: 	0
		receiver: 	a STCommandLineHandler


STCommandLineHandler>>installSourceFiles
	Receiver: a STCommandLineHandler
	Arguments and temporary variables: 
x
	Receiver's instance variables: 
		commandLine: 	a CommandLineArguments
		session: 	a WorkingSession
		stdout: 	a VTermOutputDriver
		stderr: 	a VTermOutputDriver
		sourceFiles: 	an OrderedCollection(a File)


STCommandLineHandler>>activate
	Receiver: a STCommandLineHandler
	Arguments and temporary variables: 
x
	Receiver's instance variables: 
		commandLine: 	a CommandLineArguments
		session: 	a WorkingSession
		stdout: 	a VTermOutputDriver
		stderr: 	a VTermOutputDriver
		sourceFiles: 	an OrderedCollection(a File)


STCommandLineHandler class(CommandLineHandler class)>>activateWith:
	Receiver: STCommandLineHandler
	Arguments and temporary variables: 
		aCommandLine: 	a CommandLineArguments
	Receiver's instance variables: 
		superclass: 	CommandLineHandler
		methodDict: 	a MethodDictionary(#activate->STCommandLineHandler>>#activate #[..]
		format: 	65541
		layout: 	a FixedLayout
		protocols: 	an Array(Protocol (private) - 3 selector(s) Protocol (installing[..]
		subclasses: 	{EvaluateCommandLineHandler}
		name: 	#STCommandLineHandler
		classPool: 	nil
		sharedPools: 	an OrderedCollection()
		environment: 	a SystemEnvironment(lots of globals)
		commentSourcePointer: 	60978832
		packageTag: 	a PackageTag(Base)


[ aCommandLinehandler activateWith: commandLine ] in PharoCommandLineHandler(BasicCommandLineHandler)>>activateSubCommand:
	Receiver: a PharoCommandLineHandler
	Arguments and temporary variables: 
		aCommandLinehandler: 	STCommandLineHandler
	Receiver's instance variables: 
		commandLine: 	a CommandLineArguments
		session: 	a WorkingSession
		stdout: 	a VTermOutputDriver
		stderr: 	a VTermOutputDriver


FullBlockClosure(BlockClosure)>>on:do:
	Receiver: [ aCommandLinehandler activateWith: commandLine ]
	Arguments and temporary variables: 
		exception: 	Exit
		handlerAction: 	[ :exit |
		^ self handleExit: exit for: aCommandLinehandler ]
	Receiver's instance variables: 
		outerContext: 	PharoCommandLineHandler(BasicCommandLineHandler)>>activateSub[..]
		compiledBlock: 	a CompiledBlock: [ aCommandLinehandler activateWith: command[..]
		numArgs: 	0
		receiver: 	a PharoCommandLineHandler


PharoCommandLineHandler(BasicCommandLineHandler)>>activateSubCommand:
	Receiver: a PharoCommandLineHandler
	Arguments and temporary variables: 
		aCommandLinehandler: 	STCommandLineHandler
	Receiver's instance variables: 
		commandLine: 	a CommandLineArguments
		session: 	a WorkingSession
		stdout: 	a VTermOutputDriver
		stderr: 	a VTermOutputDriver


PharoCommandLineHandler(BasicCommandLineHandler)>>handleSubcommand
	Receiver: a PharoCommandLineHandler
	Arguments and temporary variables: 
		handlers: 	an OrderedCollection(STCommandLineHandler EvaluateCommandLineHandler)
	Receiver's instance variables: 
		commandLine: 	a CommandLineArguments
		session: 	a WorkingSession
		stdout: 	a VTermOutputDriver
		stderr: 	a VTermOutputDriver


PharoCommandLineHandler(BasicCommandLineHandler)>>handleArgument:
	Receiver: a PharoCommandLineHandler
	Arguments and temporary variables: 
		aString: 	'eval'
	Receiver's instance variables: 
		commandLine: 	a CommandLineArguments
		session: 	a WorkingSession
		stdout: 	a VTermOutputDriver
		stderr: 	a VTermOutputDriver


[ self handleArgument: self firstArgument ] in [ [ self handleArgument: self firstArgument ]
		on: Exit
		do: [ :exit |
			"If the command line is protected by password, we just exit the image because in non-headless mode the handleExit will let the image open. If the password protection is enabled, it is to avoid to let the access to the image."
			self class commandLinePasswordManager hasPasswordSet
				ifTrue: [ Smalltalk snapshot: false andQuit: true ].
			self handleExit: exit ] ] in PharoCommandLineHandler(BasicCommandLineHandler)>>activate
	Receiver: a PharoCommandLineHandler
	Arguments and temporary variables: 
x
	Receiver's instance variables: 
		commandLine: 	a CommandLineArguments
		session: 	a WorkingSession
		stdout: 	a VTermOutputDriver
		stderr: 	a VTermOutputDriver


FullBlockClosure(BlockClosure)>>on:do:
	Receiver: [ self handleArgument: self firstArgument ]
	Arguments and temporary variables: 
		exception: 	Exit
		handlerAction: 	[ :exit |
			"If the command line is protected by password, [..]
	Receiver's instance variables: 
		outerContext: 	[ [ self handleArgument: self firstArgument ]
		on: Exit
		do[..]
		compiledBlock: 	a CompiledBlock: [ self handleArgument: self firstArgument ]
		numArgs: 	0
		receiver: 	a PharoCommandLineHandler


[ [ self handleArgument: self firstArgument ]
		on: Exit
		do: [ :exit |
			"If the command line is protected by password, we just exit the image because in non-headless mode the handleExit will let the image open. If the password protection is enabled, it is to avoid to let the access to the image."
			self class commandLinePasswordManager hasPasswordSet
				ifTrue: [ Smalltalk snapshot: false andQuit: true ].
			self handleExit: exit ] ] in PharoCommandLineHandler(BasicCommandLineHandler)>>activate
	Receiver: a PharoCommandLineHandler
	Arguments and temporary variables: 
x
	Receiver's instance variables: 
		commandLine: 	a CommandLineArguments
		session: 	a WorkingSession
		stdout: 	a VTermOutputDriver
		stderr: 	a VTermOutputDriver


[self value.
			"IMPORTANT: Do not step over next line of code. See method comments for details"
			Processor terminateRealActive] in FullBlockClosure(BlockClosure)>>newProcess
	Receiver: [ [ self handleArgument: self firstArgument ]
		on: Exit
		do: [ :exit |
			"If the co[..]
	Arguments and temporary variables: 
x
	Receiver's instance variables: 
		outerContext: 	PharoCommandLineHandler(BasicCommandLineHandler)>>activate
		compiledBlock: 	a CompiledBlock: [ [ self handleArgument: self firstArgument[..]
		numArgs: 	0
		receiver: 	a PharoCommandLineHandler



--- The full stack ---
OCSyntaxErrorNotice(OCNotice)>>signalError
OCMessageNode(OCProgramNode)>>checkFaulty:
OCParser class>>parseExpression:onError:
OCParser class>>parseExpression:
DoItChunk>>importFor:logSource:
[ :declaration |
		value := declaration importFor: nil logSource: logSource  ] in CodeImporter>>evaluate
OrderedCollection>>do:
CodeImporter>>evaluate
[ codeImporter evaluate ] in STCommandLineHandler>>installSourceFile:
FullBlockClosure(BlockClosure)>>on:do:
STCommandLineHandler>>handleErrorsDuring:reference:
STCommandLineHandler>>installSourceFile:
[ :reference |
		self installSourceFile: reference ] in [ sourceFiles do: [ :reference |
		self installSourceFile: reference ]
	] in STCommandLineHandler>>installSourceFiles
OrderedCollection>>do:
[ sourceFiles do: [ :reference |
		self installSourceFile: reference ]
	] in STCommandLineHandler>>installSourceFiles
FullBlockClosure(BlockClosure)>>ensure:
STCommandLineHandler>>installSourceFiles
STCommandLineHandler>>activate
STCommandLineHandler class(CommandLineHandler class)>>activateWith:
[ aCommandLinehandler activateWith: commandLine ] in PharoCommandLineHandler(BasicCommandLineHandler)>>activateSubCommand:
FullBlockClosure(BlockClosure)>>on:do:
PharoCommandLineHandler(BasicCommandLineHandler)>>activateSubCommand:
PharoCommandLineHandler(BasicCommandLineHandler)>>handleSubcommand
PharoCommandLineHandler(BasicCommandLineHandler)>>handleArgument:
[ self handleArgument: self firstArgument ] in [ [ self handleArgument: self firstArgument ]
		on: Exit
		do: [ :exit |
			"If the command line is protected by password, we just exit the image because in non-headless mode the handleExit will let the image open. If the password protection is enabled, it is to avoid to let the access to the image."
			self class commandLinePasswordManager hasPasswordSet
				ifTrue: [ Smalltalk snapshot: false andQuit: true ].
			self handleExit: exit ] ] in PharoCommandLineHandler(BasicCommandLineHandler)>>activate
FullBlockClosure(BlockClosure)>>on:do:
[ [ self handleArgument: self firstArgument ]
		on: Exit
		do: [ :exit |
			"If the command line is protected by password, we just exit the image because in non-headless mode the handleExit will let the image open. If the password protection is enabled, it is to avoid to let the access to the image."
			self class commandLinePasswordManager hasPasswordSet
				ifTrue: [ Smalltalk snapshot: false andQuit: true ].
			self handleExit: exit ] ] in PharoCommandLineHandler(BasicCommandLineHandler)>>activate
[self value.
			"IMPORTANT: Do not step over next line of code. See method comments for details"
			Processor terminateRealActive] in FullBlockClosure(BlockClosure)>>newProcess
-------------------------------------------------------------------------------

